This is pdfTeX, Version 3.141592653-2.6-1.40.27 (MiKTeX 25.4) (preloaded format=pdflatex 2025.11.25)  1 DEC 2025 18:26
entering extended mode
 restricted \write18 enabled.
 %&-line parsing enabled.
**./MEMORIA_CALCULO_PAQUETE_TECNOLOGICO_SSPi.tex
(MEMORIA_CALCULO_PAQUETE_TECNOLOGICO_SSPi.tex
LaTeX2e <2025-11-01>
L3 programming layer <2025-11-06>
(C:\Users\smuno\AppData\Local\Programs\MiKTeX\tex/latex/base\article.cls
Document Class: article 2025/01/22 v1.4n Standard LaTeX document class
(C:\Users\smuno\AppData\Local\Programs\MiKTeX\tex/latex/base\size12.clo
File: size12.clo 2025/01/22 v1.4n Standard LaTeX file (size option)
)
\c@part=\count275
\c@section=\count276
\c@subsection=\count277
\c@subsubsection=\count278
\c@paragraph=\count279
\c@subparagraph=\count280
\c@figure=\count281
\c@table=\count282
\abovecaptionskip=\skip49
\belowcaptionskip=\skip50
\bibindent=\dimen148
)
(C:\Users\smuno\AppData\Local\Programs\MiKTeX\tex/latex/base\inputenc.sty
Package: inputenc 2024/02/08 v1.3d Input encoding file
\inpenc@prehook=\toks17
\inpenc@posthook=\toks18
)
(C:\Users\smuno\AppData\Local\Programs\MiKTeX\tex/generic/babel\babel.sty
Package: babel 2025/11/09 v25.15 The multilingual framework for LuaLaTeX, pdfLa
TeX and XeLaTeX
\babel@savecnt=\count283
LaTeX Encoding Info:    Redeclaring text command \ij (encoding OT1) on input li
ne 2050.
LaTeX Encoding Info:    Redeclaring text command \IJ (encoding OT1) on input li
ne 2052.
LaTeX Encoding Info:    Redeclaring text command \ij (encoding T1) on input lin
e 2054.
LaTeX Encoding Info:    Redeclaring text command \IJ (encoding T1) on input lin
e 2055.
LaTeX Encoding Info:    Ignoring declaration for text command \ij (encoding ?) 
on input line 2056.
LaTeX Encoding Info:    Ignoring declaration for text command \IJ (encoding ?) 
on input line 2058.
LaTeX Encoding Info:    Ignoring declaration for text command \SS (encoding ?) 
on input line 2083.
\U@D=\dimen149
\l@unhyphenated=\language79

(C:\Users\smuno\AppData\Local\Programs\MiKTeX\tex/generic/babel\txtbabel.def)
\bbl@readstream=\read2
\bbl@dirlevel=\count284
Package babel Info: Configuration files are deprecated, as
(babel)             they can break document portability.
(babel)             Reported on input line 4175.

*************************************
* Local config file bblopts.cfg used
*
(C:\Users\smuno\AppData\Local\Programs\MiKTeX\tex/latex/arabi\bblopts.cfg
File: bblopts.cfg 2005/09/08 v0.1 add Arabic and Farsi to "declared" options of
 babel
)
(C:\Users\smuno\AppData\Local\Programs\MiKTeX\tex/generic/babel/locale/es\babel
-spanish.tex)
Package babel Info: Importing font and identification data for spanish
(babel)             from babel-es.ini. Reported on input line 4298.

(C:\Users\smuno\AppData\Local\Programs\MiKTeX\tex/latex/babel-spanish\spanish.l
df
Language: spanish.ldf 2021/05/27 v5.0q Spanish support from the babel system
\es@quottoks=\toks19
\es@quotdepth=\count285
Package babel Info: Making " an active character on input line 570.
))
LaTeX Encoding Info:    Redeclaring text command \guillemotleft (encoding OT1) 
on input line 4.
LaTeX Encoding Info:    Redeclaring text command \guillemotright (encoding OT1)
 on input line 4.

(C:\Users\smuno\AppData\Local\Programs\MiKTeX\tex/latex/geometry\geometry.sty
Package: geometry 2020/01/02 v5.9 Page Geometry

(C:\Users\smuno\AppData\Local\Programs\MiKTeX\tex/latex/graphics\keyval.sty
Package: keyval 2022/05/29 v1.15 key=value parser (DPC)
\KV@toks@=\toks20
)
(C:\Users\smuno\AppData\Local\Programs\MiKTeX\tex/generic/iftex\ifvtex.sty
Package: ifvtex 2019/10/25 v1.7 ifvtex legacy package. Use iftex instead.

(C:\Users\smuno\AppData\Local\Programs\MiKTeX\tex/generic/iftex\iftex.sty
Package: iftex 2024/12/12 v1.0g TeX engine tests
))
\Gm@cnth=\count286
\Gm@cntv=\count287
\c@Gm@tempcnt=\count288
\Gm@bindingoffset=\dimen150
\Gm@wd@mp=\dimen151
\Gm@odd@mp=\dimen152
\Gm@even@mp=\dimen153
\Gm@layoutwidth=\dimen154
\Gm@layoutheight=\dimen155
\Gm@layouthoffset=\dimen156
\Gm@layoutvoffset=\dimen157
\Gm@dimlist=\toks21

(C:\Users\smuno\AppData\Local\Programs\MiKTeX\tex/latex/geometry\geometry.cfg))
(C:\Users\smuno\AppData\Local\Programs\MiKTeX\tex/latex/graphics\graphicx.sty
Package: graphicx 2024/12/31 v1.2e Enhanced LaTeX Graphics (DPC,SPQR)

(C:\Users\smuno\AppData\Local\Programs\MiKTeX\tex/latex/graphics\graphics.sty
Package: graphics 2024/08/06 v1.4g Standard LaTeX Graphics (DPC,SPQR)

(C:\Users\smuno\AppData\Local\Programs\MiKTeX\tex/latex/graphics\trig.sty
Package: trig 2023/12/02 v1.11 sin cos tan (DPC)
)
(C:\Users\smuno\AppData\Local\Programs\MiKTeX\tex/latex/graphics-cfg\graphics.c
fg
File: graphics.cfg 2016/06/04 v1.11 sample graphics configuration
)
Package graphics Info: Driver file: pdftex.def on input line 106.

(C:\Users\smuno\AppData\Local\Programs\MiKTeX\tex/latex/graphics-def\pdftex.def
File: pdftex.def 2025/09/29 v1.2d Graphics/color driver for pdftex
))
\Gin@req@height=\dimen158
\Gin@req@width=\dimen159
)
(C:\Users\smuno\AppData\Local\Programs\MiKTeX\tex/latex/fancyhdr\fancyhdr.sty
Package: fancyhdr 2025/02/07 v5.2 Extensive control of page headers and footers

\f@nch@headwidth=\skip51
\f@nch@offset@elh=\skip52
\f@nch@offset@erh=\skip53
\f@nch@offset@olh=\skip54
\f@nch@offset@orh=\skip55
\f@nch@offset@elf=\skip56
\f@nch@offset@erf=\skip57
\f@nch@offset@olf=\skip58
\f@nch@offset@orf=\skip59
\f@nch@height=\skip60
\f@nch@footalignment=\skip61
\f@nch@widthL=\skip62
\f@nch@widthC=\skip63
\f@nch@widthR=\skip64
\@temptokenb=\toks22
)
(C:\Users\smuno\AppData\Local\Programs\MiKTeX\tex/latex/setspace\setspace.sty
Package: setspace 2022/12/04 v6.7b set line spacing
)
(C:\Users\smuno\AppData\Local\Programs\MiKTeX\tex/latex/lastpage\lastpage.sty
Package: lastpage 2025/08/14 v2.1h lastpage: 2.09 or 2e? (HMM)

(C:\Users\smuno\AppData\Local\Programs\MiKTeX\tex/latex/lastpage\lastpage2e.sty
Package: lastpage2e 2025/08/14 v2.1h Decide which 2e lastpage version to use (H
MM)

(C:\Users\smuno\AppData\Local\Programs\MiKTeX\tex/latex/lastpage\lastpagemodern
.sty
Package: lastpagemodern 2025-08-14 v2.1h Refers to last page's name (HMM; JPG)
\c@lastpagecount=\count289
) 
)) (C:\Users\smuno\AppData\Local\Programs\MiKTeX\tex/latex/parskip\parskip.sty
Package: parskip 2021-03-14 v2.0h non-zero parskip adjustments

(C:\Users\smuno\AppData\Local\Programs\MiKTeX\tex/latex/kvoptions\kvoptions.sty
Package: kvoptions 2022-06-15 v3.15 Key value format for package options (HO)
(C:\Users\smuno\AppData\Local\Programs\MiKTeX\tex/generic/ltxcmds\ltxcmds.sty
Package: ltxcmds 2023-12-04 v1.26 LaTeX kernel commands for general use (HO)
)
(C:\Users\smuno\AppData\Local\Programs\MiKTeX\tex/latex/kvsetkeys\kvsetkeys.sty
Package: kvsetkeys 2022-10-05 v1.19 Key value parser (HO)
))
(C:\Users\smuno\AppData\Local\Programs\MiKTeX\tex/latex/etoolbox\etoolbox.sty
Package: etoolbox 2025/10/02 v2.5m e-TeX tools for LaTeX (JAW)
\etb@tempcnta=\count290
)) (C:\Users\smuno\AppData\Local\Programs\MiKTeX\tex/latex/booktabs\booktabs.st
y
Package: booktabs 2020/01/12 v1.61803398 Publication quality tables
\heavyrulewidth=\dimen160
\lightrulewidth=\dimen161
\cmidrulewidth=\dimen162
\belowrulesep=\dimen163
\belowbottomsep=\dimen164
\aboverulesep=\dimen165
\abovetopsep=\dimen166
\cmidrulesep=\dimen167
\cmidrulekern=\dimen168
\defaultaddspace=\dimen169
\@cmidla=\count291
\@cmidlb=\count292
\@aboverulesep=\dimen170
\@belowrulesep=\dimen171
\@thisruleclass=\count293
\@lastruleclass=\count294
\@thisrulewidth=\dimen172
) (C:\Users\smuno\AppData\Local\Programs\MiKTeX\tex/latex/tools\array.sty
Package: array 2025/09/25 v2.6n Tabular extension package (FMi)
\col@sep=\dimen173
\ar@mcellbox=\box53
\extrarowheight=\dimen174
\NC@list=\toks23
\extratabsurround=\skip65
\backup@length=\skip66
\ar@cellbox=\box54
)
(C:\Users\smuno\AppData\Local\Programs\MiKTeX\tex/latex/multirow\multirow.sty
Package: multirow 2024/11/12 v2.9 Span multiple rows of a table
\multirow@colwidth=\skip67
\multirow@cntb=\count295
\multirow@dima=\skip68
\bigstrutjot=\dimen175
)
(C:\Users\smuno\AppData\Local\Programs\MiKTeX\tex/latex/tools\longtable.sty
Package: longtable 2025-10-13 v4.24 Multi-page Table package (DPC)
\LTleft=\skip69
\LTright=\skip70
\LTpre=\skip71
\LTpost=\skip72
\LTchunksize=\count296
\LTcapwidth=\dimen176
\LT@head=\box55
\LT@firsthead=\box56
\LT@foot=\box57
\LT@lastfoot=\box58
\LT@gbox=\box59
\LT@cols=\count297
\LT@rows=\count298
\c@LT@tables=\count299
\c@LT@chunks=\count300
\LT@p@ftn=\toks24
)
(C:\Users\smuno\AppData\Local\Programs\MiKTeX\tex/latex/float\float.sty
Package: float 2001/11/08 v1.3d Float enhancements (AL)
\c@float@type=\count301
\float@exts=\toks25
\float@box=\box60
\@float@everytoks=\toks26
\@floatcapt=\box61
)
(C:\Users\smuno\AppData\Local\Programs\MiKTeX\tex/latex/xcolor\xcolor.sty
Package: xcolor 2024/09/29 v3.02 LaTeX color extensions (UK)

(C:\Users\smuno\AppData\Local\Programs\MiKTeX\tex/latex/graphics-cfg\color.cfg
File: color.cfg 2016/01/02 v1.6 sample color configuration
)
Package xcolor Info: Driver file: pdftex.def on input line 274.
(C:\Users\smuno\AppData\Local\Programs\MiKTeX\tex/latex/graphics\mathcolor.ltx)
Package xcolor Info: Model `cmy' substituted by `cmy0' on input line 1349.
Package xcolor Info: Model `hsb' substituted by `rgb' on input line 1353.
Package xcolor Info: Model `RGB' extended on input line 1365.
Package xcolor Info: Model `HTML' substituted by `rgb' on input line 1367.
Package xcolor Info: Model `Hsb' substituted by `hsb' on input line 1368.
Package xcolor Info: Model `tHsb' substituted by `hsb' on input line 1369.
Package xcolor Info: Model `HSB' substituted by `hsb' on input line 1370.
Package xcolor Info: Model `Gray' substituted by `gray' on input line 1371.
Package xcolor Info: Model `wave' substituted by `hsb' on input line 1372.
) (C:\Users\smuno\AppData\Local\Programs\MiKTeX\tex/latex/colortbl\colortbl.sty
Package: colortbl 2024/10/29 v1.0k Color table columns (DPC)
\everycr=\toks27
\minrowclearance=\skip73
\rownum=\count302
) (C:\Users\smuno\AppData\Local\Programs\MiKTeX\tex/latex/amsmath\amsmath.sty
Package: amsmath 2025/07/09 v2.17z AMS math features
\@mathmargin=\skip74

For additional information on amsmath, use the `?' option.
(C:\Users\smuno\AppData\Local\Programs\MiKTeX\tex/latex/amsmath\amstext.sty
Package: amstext 2024/11/17 v2.01 AMS text

(C:\Users\smuno\AppData\Local\Programs\MiKTeX\tex/latex/amsmath\amsgen.sty
File: amsgen.sty 1999/11/30 v2.0 generic functions
\@emptytoks=\toks28
\ex@=\dimen177
))
(C:\Users\smuno\AppData\Local\Programs\MiKTeX\tex/latex/amsmath\amsbsy.sty
Package: amsbsy 1999/11/29 v1.2d Bold Symbols
\pmbraise@=\dimen178
)
(C:\Users\smuno\AppData\Local\Programs\MiKTeX\tex/latex/amsmath\amsopn.sty
Package: amsopn 2022/04/08 v2.04 operator names
)
\inf@bad=\count303
LaTeX Info: Redefining \frac on input line 233.
\uproot@=\count304
\leftroot@=\count305
LaTeX Info: Redefining \overline on input line 398.
LaTeX Info: Redefining \colon on input line 409.
\classnum@=\count306
\DOTSCASE@=\count307
LaTeX Info: Redefining \ldots on input line 495.
LaTeX Info: Redefining \dots on input line 498.
LaTeX Info: Redefining \cdots on input line 619.
\Mathstrutbox@=\box62
\strutbox@=\box63
LaTeX Info: Redefining \big on input line 721.
LaTeX Info: Redefining \Big on input line 722.
LaTeX Info: Redefining \bigg on input line 723.
LaTeX Info: Redefining \Bigg on input line 724.
\big@size=\dimen179
LaTeX Font Info:    Redeclaring font encoding OML on input line 742.
LaTeX Font Info:    Redeclaring font encoding OMS on input line 743.
\macc@depth=\count308
LaTeX Info: Redefining \bmod on input line 904.
LaTeX Info: Redefining \pmod on input line 909.
LaTeX Info: Redefining \smash on input line 939.
LaTeX Info: Redefining \relbar on input line 969.
LaTeX Info: Redefining \Relbar on input line 970.
\c@MaxMatrixCols=\count309
\dotsspace@=\muskip17
\c@parentequation=\count310
\dspbrk@lvl=\count311
\tag@help=\toks29
\row@=\count312
\column@=\count313
\maxfields@=\count314
\andhelp@=\toks30
\eqnshift@=\dimen180
\alignsep@=\dimen181
\tagshift@=\dimen182
\tagwidth@=\dimen183
\totwidth@=\dimen184
\lineht@=\dimen185
\@envbody=\toks31
\multlinegap=\skip75
\multlinetaggap=\skip76
\mathdisplay@stack=\toks32
LaTeX Info: Redefining \[ on input line 2950.
LaTeX Info: Redefining \] on input line 2951.
)
(C:\Users\smuno\AppData\Local\Programs\MiKTeX\tex/latex/tools\tabularx.sty
Package: tabularx 2023/12/11 v2.12a `tabularx' package (DPC)
\TX@col@width=\dimen186
\TX@old@table=\dimen187
\TX@old@col=\dimen188
\TX@target=\dimen189
\TX@delta=\dimen190
\TX@cols=\count315
\TX@ftn=\toks33
)
(C:\Users\smuno\AppData\Local\Programs\MiKTeX\tex/latex/l3backend\l3backend-pdf
tex.def
File: l3backend-pdftex.def 2025-10-09 L3 backend support: PDF output (pdfTeX)
\l__color_backend_stack_int=\count316
) (MEMORIA_CALCULO_PAQUETE_TECNOLOGICO_SSPi.aux
LaTeX Info: Redefining \. on input line 5.
LaTeX Info: Redefining \% on input line 5.
Package babel Info: 'spanish' activates 'spanish' shorthands.
(babel)             Reported on input line 5.
)
\openout1 = `MEMORIA_CALCULO_PAQUETE_TECNOLOGICO_SSPi.aux'.

LaTeX Font Info:    Checking defaults for OML/cmm/m/it on input line 36.
LaTeX Font Info:    ... okay on input line 36.
LaTeX Font Info:    Checking defaults for OMS/cmsy/m/n on input line 36.
LaTeX Font Info:    ... okay on input line 36.
LaTeX Font Info:    Checking defaults for OT1/cmr/m/n on input line 36.
LaTeX Font Info:    ... okay on input line 36.
LaTeX Font Info:    Checking defaults for T1/cmr/m/n on input line 36.
LaTeX Font Info:    ... okay on input line 36.
LaTeX Font Info:    Checking defaults for TS1/cmr/m/n on input line 36.
LaTeX Font Info:    ... okay on input line 36.
LaTeX Font Info:    Checking defaults for OMX/cmex/m/n on input line 36.
LaTeX Font Info:    ... okay on input line 36.
LaTeX Font Info:    Checking defaults for U/cmr/m/n on input line 36.
LaTeX Font Info:    ... okay on input line 36.
LaTeX Info: Redefining \. on input line 36.
LaTeX Info: Redefining \% on input line 36.

*geometry* driver: auto-detecting
*geometry* detected driver: pdftex
*geometry* verbose mode - [ preamble ] result:
* driver: pdftex
* paper: letterpaper
* layout: <same size as paper>
* layoutoffset:(h,v)=(0.0pt,0.0pt)
* modes: 
* h-part:(L,W,R)=(85.35826pt, 457.80486pt, 71.13188pt)
* v-part:(T,H,B)=(85.35826pt, 624.25346pt, 85.35826pt)
* \paperwidth=614.295pt
* \paperheight=794.96999pt
* \textwidth=457.80486pt
* \textheight=624.25346pt
* \oddsidemargin=13.08827pt
* \evensidemargin=13.08827pt
* \topmargin=-26.91173pt
* \headheight=15.0pt
* \headsep=25.0pt
* \topskip=12.0pt
* \footskip=30.0pt
* \marginparwidth=44.0pt
* \marginparsep=10.0pt
* \columnsep=10.0pt
* \skip\footins=10.8pt plus 4.0pt minus 2.0pt
* \hoffset=0.0pt
* \voffset=0.0pt
* \mag=1000
* \@twocolumnfalse
* \@twosidefalse
* \@mparswitchfalse
* \@reversemarginfalse
* (1in=72.27pt=25.4mm, 1cm=28.453pt)


(C:\Users\smuno\AppData\Local\Programs\MiKTeX\tex/context/base/mkii\supp-pdf.mk
ii
[Loading MPS to PDF converter (version 2006.09.02).]
\scratchcounter=\count317
\scratchdimen=\dimen191
\scratchbox=\box64
\nofMPsegments=\count318
\nofMParguments=\count319
\everyMPshowfont=\toks34
\MPscratchCnt=\count320
\MPscratchDim=\dimen192
\MPnumerator=\count321
\makeMPintoPDFobject=\count322
\everyMPtoPDFconversion=\toks35
)
(C:\Users\smuno\AppData\Local\Programs\MiKTeX\tex/latex/epstopdf-pkg\epstopdf-b
ase.sty
Package: epstopdf-base 2020-01-24 v2.11 Base part for package epstopdf
Package epstopdf-base Info: Redefining graphics rule for `.eps' on input line 4
85.

(C:\Users\smuno\AppData\Local\Programs\MiKTeX\tex/latex/00miktex\epstopdf-sys.c
fg
File: epstopdf-sys.cfg 2021/03/18 v2.0 Configuration of epstopdf for MiKTeX
))
<logo_sader.png, id=1, 1204.5pt x 230.8625pt>
File: logo_sader.png Graphic file (type png)
<use logo_sader.png>
Package pdftex.def Info: logo_sader.png  used on input line 47.
(pdftex.def)             Requested size: 137.34285pt x 26.32141pt.
 [1

{C:/Users/smuno/AppData/Local/MiKTeX/fonts/map/pdftex/pdftex.map} <./logo_sader
.png>] (MEMORIA_CALCULO_PAQUETE_TECNOLOGICO_SSPi.toc
LaTeX Info: Redefining \. on input line 1.
LaTeX Info: Redefining \% on input line 1.
 [1]
! Argument of \language@active@arg" has an extra }.
<inserted text> 
                \par 
l.49 ...a con Microorganismos de "El Monte"}{20}{}
                                                  %
I've run across a `}' that doesn't seem to match anything.
For example, `\def\a#1{...}' and `\a}' would produce
this error. If you simply proceed now, the `\par' that
I've just inserted will cause me to report a runaway
argument that might be the root of the problem. But if
your `}' was spurious, just type `2' and it will go away.

Runaway argument?
! Paragraph ended before \language@active@arg" was complete.
<to be read again> 
                   \par 
l.49 ...a con Microorganismos de "El Monte"}{20}{}
                                                  %
I suspect you've forgotten a `}', causing me to apply this
control sequence to too much text. How can we recover?
My plan is to forget the whole thing and hope for the best.


Underfull \hbox (badness 10000) in paragraph at lines 49--49
 [][] []\OT1/cmr/m/n/12 Regeneraci^^Son Eco-sist^^Semi-ca con Mi-cro-or-ga-nis-
mos de .[] Mon-te  
 []

! Leaders not followed by proper glue.
<to be read again> 
                   \hfill 
l.49 ...a con Microorganismos de "El Monte"}{20}{}
                                                  %
You should say `\leaders <box or rule><hskip or vskip>'.
I found the <box or rule>, but there's no suitable
<hskip or vskip>, so I'm ignoring these leaders.


Overfull \hbox (1.42253pt too wide) in paragraph at lines 57--57
 [][] []\OT1/cmr/m/n/12 ?`Son las biof^^Sabri-cas M[]AS ECON[]OMI-CAS que los f
er-ti-li-zan-tes qu^^S^^Pmi- 
 []


Overfull \hbox (2.8169pt too wide) in paragraph at lines 58--58
 [][] []\OT1/cmr/m/n/12 ?`Son las biof^^Sabri-cas NA-TU-RA-LES vs fer-ti-li-za-
ci^^Son qu^^S^^Pmi-ca SINT[]ETI- 
 []

[2])
\tf@toc=\write3
\openout3 = `MEMORIA_CALCULO_PAQUETE_TECNOLOGICO_SSPi.toc'.

 [3]
Overfull \hbox (16.27502pt too wide) in paragraph at lines 97--97
[]\OT1/cmr/bx/n/17.28 COMPONENTE 1: ES-TA-BLE-CI-MIEN-TO DE PAS-
 []

[4] [5]
Overfull \hbox (64.19374pt too wide) in paragraph at lines 145--162
 [][] 
 []

[6]
Overfull \hbox (26.33513pt too wide) in paragraph at lines 218--218
[]\OT1/cmr/bx/n/17.28 COMPONENTE 3: IN-FRA-ES-TRUC-TU-RA DE PAS-
 []


Overfull \hbox (38.74829pt too wide) in paragraph at lines 240--273
 [][] 
 []

[7] [8]
Underfull \hbox (badness 10000) in paragraph at lines 348--349
[]|\OT1/cmr/bx/n/10 Fertilizaci^^Son Qu^^S^^Pmi-ca
 []


Underfull \hbox (badness 6944) in paragraph at lines 350--350
[]|\OT1/cmr/bx/n/10 Origen de nu-
 []


Underfull \hbox (badness 2142) in paragraph at lines 350--350
\OT1/cmr/m/n/10 cro-or-ga-nis-mos na-ti-vos (Azo-to-
 []


Underfull \hbox (badness 10000) in paragraph at lines 352--352
[]|\OT1/cmr/bx/n/10 Fuente de
 []


Underfull \hbox (badness 1221) in paragraph at lines 352--352
[]|\OT1/cmr/m/n/10 Fijaci^^Son sim-bi^^Soti-ca de N$[]$ at-
 []


Underfull \hbox (badness 7344) in paragraph at lines 352--352
\OT1/cmr/m/n/10 mosf^^Seri-co por bac-te-rias dia-
 []


Underfull \hbox (badness 10000) in paragraph at lines 352--353
[]|\OT1/cmr/m/n/10 Urea sint^^Seti-ca: NH$[]$-CO-NH$[]$
 []


Underfull \hbox (badness 10000) in paragraph at lines 354--354
[]|\OT1/cmr/bx/n/10 Disponibilidad
 []


Underfull \hbox (badness 10000) in paragraph at lines 356--356
[]|\OT1/cmr/bx/n/10 Microbiolog^^S^^Pa
 []


Underfull \hbox (badness 1107) in paragraph at lines 356--356
\OT1/cmr/m/n/10 di-ver-si-dad mi-cro-bia-na ben^^Sefi-ca
 []


Underfull \hbox (badness 10000) in paragraph at lines 358--358
[]|\OT1/cmr/bx/n/10 Estructura del
 []


Underfull \hbox (badness 10000) in paragraph at lines 358--358
[]|\OT1/cmr/m/n/10 Mejoramiento pro-gre-si-vo de
 []


Underfull \hbox (badness 2662) in paragraph at lines 358--358
\OT1/cmr/m/n/10 agre-ga-ci^^Son (+25-40$ $% es-ta-bi-li-
 []


Underfull \hbox (badness 10000) in paragraph at lines 358--359
[]|\OT1/cmr/m/n/10 Compactaci^^Son y de-gra-da-ci^^Son
 []


Underfull \hbox (badness 4995) in paragraph at lines 362--362
[]|\OT1/cmr/bx/n/10 Huella de car-
 []


Underfull \hbox (badness 10000) in paragraph at lines 362--362
[]|\OT1/cmr/m/n/10 Captura ne-ta: -2.5 ton
 []


Underfull \hbox (badness 10000) in paragraph at lines 362--363
[]|\OT1/cmr/m/n/10 Emisi^^Son ne-ta: +1.8 ton
 []


Underfull \hbox (badness 10000) in paragraph at lines 362--363
\OT1/cmr/m/n/10 CO$[]$eq/ha/a~no (pro-ce-so in-
 []


Underfull \hbox (badness 10000) in paragraph at lines 364--364
[]|\OT1/cmr/bx/n/10 Residualidad
 []


Underfull \hbox (badness 10000) in paragraph at lines 364--364
[]|\OT1/cmr/m/n/10 Cero com-pues-tos sint^^Seti-cos,
 []


Underfull \hbox (badness 2903) in paragraph at lines 366--367
[]|\OT1/cmr/m/n/10 Creciente: \TS1/cmr/m/n/10 $\OT1/cmr/m/n/10 2,200/ha/a~no pr
o-
 []


Underfull \hbox (badness 1917) in paragraph at lines 369--369
[]|\OT1/cmr/bx/n/10 ORG[]ANI-CO CER-TI-FI-CA-
 []


Underfull \hbox (badness 10000) in paragraph at lines 369--370
[]|\OT1/cmr/bx/n/10 INSUMO IN-DUS-TRIAL
 []

[9] [10] [11]
Overfull \hbox (53.45514pt too wide) in paragraph at lines 493--494
[]\OT1/cmr/bx/n/12 Nota cr^^S^^Pti-ca: \OT1/cmr/m/n/12 Seg^^Sun da-tos mo-de-lo
 UTO-PIA, el cos-to anual real por hect^^Sarea es \TS1/cmr/bx/n/12 $\OT1/cmr/bx
/n/12 10,062.51/ha/a~no 
 []


Overfull \hbox (19.07813pt too wide) in paragraph at lines 544--566
 [][] 
 []

[12]
Underfull \hbox (badness 10000) in paragraph at lines 590--591
[]|\OT1/cmr/bx/n/10 Problem^^Sati-ca
 []


Underfull \hbox (badness 7468) in paragraph at lines 592--593
[]|\OT1/cmr/m/n/10 Inhibici^^Son fi-ja-ci^^Son
 []


Underfull \hbox (badness 1742) in paragraph at lines 592--593
\OT1/cmr/m/n/10 biol^^Sogi-ca N$[]$, li-xi-
 []


Underfull \hbox (badness 1320) in paragraph at lines 594--595
[]|\OT1/cmr/m/n/10 Fijaci^^Son en sue-los
 []


Underfull \hbox (badness 10000) in paragraph at lines 594--595
\OT1/cmr/m/n/10 calc^^Sareos (80$ $%),
 []


Underfull \hbox (badness 10000) in paragraph at lines 594--595
\OT1/cmr/m/n/10 con-ta-mi-na-ci^^Son
 []


Underfull \hbox (badness 2818) in paragraph at lines 596--597
[]|\OT1/cmr/m/n/10 Salinizaci^^Son, an-ta-
 []


Underfull \hbox (badness 10000) in paragraph at lines 596--597
\OT1/cmr/m/n/10 go-nis-mo Mg-Ca,
 []


Underfull \hbox (badness 10000) in paragraph at lines 598--599
[]|\OT1/cmr/m/n/10 Acidificaci^^Son
 []


Underfull \hbox (badness 2726) in paragraph at lines 598--599
\OT1/cmr/m/n/10 adi-cio-nal, des-equi-
 []


Underfull \hbox (badness 5175) in paragraph at lines 600--601
\OT1/cmr/m/n/10 per-sis-ten-tes, cos-to
 []


Overfull \hbox (26.754pt too wide) in paragraph at lines 587--616
 [][] 
 []

[13]
Underfull \hbox (badness 10000) in paragraph at lines 629--630
[]|\OT1/cmr/bx/n/10 Limitaci^^Son
 []


Underfull \hbox (badness 1377) in paragraph at lines 631--632
\OT1/cmr/m/n/10 cua-da pa-ra sue-los
 []


Overfull \hbox (14.25307pt too wide) in paragraph at lines 656--673
 [][] 
 []

[14]
Overfull \hbox (35.71542pt too wide) in paragraph at lines 691--710
 [][] 
 []


Underfull \hbox (badness 10000) in paragraph at lines 749--749
[]|\OT1/cmr/bx/n/10 Biof^^Sabri-cas
 []


Underfull \hbox (badness 10000) in paragraph at lines 751--751
[]|\OT1/cmr/bx/n/10 Fertilizaci^^Son
 []


Underfull \hbox (badness 10000) in paragraph at lines 753--753
[]|\OT1/cmr/bx/n/10 Fertilizaci^^Son
 []


Underfull \hbox (badness 1400) in paragraph at lines 753--753
\OT1/cmr/bx/n/10 qu^^S^^Pmi-ca b^^Sasi-
 []


Underfull \hbox (badness 10000) in paragraph at lines 755--755
[]|\OT1/cmr/bx/n/10 Fertilizaci^^Son
 []


Overfull \hbox (26.3667pt too wide) in paragraph at lines 744--758
 [][] 
 []

[15]
Overfull \hbox (4.64381pt too wide) in paragraph at lines 769--770
[]\OT1/cmr/bx/n/12 Generaci^^Son in-gre-sos com-ple-men-ta-rios: \OT1/cmr/m/n/1
2 Ven-ta ex-ce-den-tes bio-fer-ti-li-zan-tes (\TS1/cmr/m/n/12 $\OT1/cmr/m/n/12 
2,500-
 []

[16] [17]
Underfull \hbox (badness 10000) in paragraph at lines 846--846
[]|\OT1/cmr/bx/n/8 Qu^^S^^Pmi-ca
 []


Underfull \hbox (badness 10000) in paragraph at lines 846--846
[]|\OT1/cmr/bx/n/8 Qu^^S^^Pmi-ca
 []


Underfull \hbox (badness 10000) in paragraph at lines 846--846
[]|\OT1/cmr/bx/n/8 Dif. vs
 []


Underfull \hbox (badness 10000) in paragraph at lines 846--847
[]|\OT1/cmr/bx/n/8 Dif. vs
 []


Underfull \hbox (badness 10000) in paragraph at lines 866--866
[]|\OT1/cmr/bx/n/8 ROI:
 []


Underfull \hbox (badness 10000) in paragraph at lines 866--867
[]|\OT1/cmr/bx/n/8 ROI:
 []


Underfull \hbox (badness 1297) in paragraph at lines 894--894
[]|\OT1/cmr/m/n/10 ?`Son m^^Sas econ^^Somi-cas a
 []


Underfull \hbox (badness 2189) in paragraph at lines 894--895
[]|\OT1/cmr/m/n/10 ROI 210-348$ $% su-pe-rior con-si-de-ran-
 []


Underfull \hbox (badness 2809) in paragraph at lines 898--898
[]|\OT1/cmr/m/n/10 ?`Mejoran la pro-duc-ti-vi-
 []


Underfull \hbox (badness 1442) in paragraph at lines 906--906
[]|\OT1/cmr/m/n/10 ?`Compatibilidad cul-tu-ral
 []


Underfull \hbox (badness 1127) in paragraph at lines 906--907
[]|\OT1/cmr/m/n/10 Integraci^^Son sis-te-mas tra-di-cio-na-les vs
 []


Underfull \hbox (badness 10000) in paragraph at lines 908--908
[]|\OT1/cmr/m/n/10 ?`Certificaci^^Son org^^Sani-ca
 []


Underfull \hbox (badness 8038) in paragraph at lines 911--911
[]|\OT1/cmr/bx/n/10 PUNTUACI[]ON TO-
 []


Underfull \hbox (badness 10000) in paragraph at lines 911--912
[]|\OT1/cmr/bx/n/10 SUPERIORIDAD AB-SO-LU-TA
 []


Overfull \hbox (54.29803pt too wide) in paragraph at lines 889--914
 [][] 
 []

[18]
Overfull \hbox (18.45743pt too wide) in paragraph at lines 929--930
[]\OT1/cmr/bx/n/12 BENEFICIOS ADI-CIO-NA-LES BIOF[]ABRI-CAS (no in-clui-dos en 
an^^Sali-sis econ^^Somi-
 []

[19]
Underfull \hbox (badness 10000) in paragraph at lines 955--955
[]|\OT1/cmr/m/n/10 Fungicidas + bac-te-ri-ci-das
 []


Underfull \hbox (badness 10000) in paragraph at lines 957--957
[]|\OT1/cmr/m/n/10 Hidr^^Soli-sis urea: pH ba-ja
 []


Underfull \hbox (badness 4060) in paragraph at lines 959--959
\OT1/cmr/m/n/10 cro-bia-nos: -25$ $% po-ro-si-dad
 []


Underfull \hbox (badness 2050) in paragraph at lines 961--961
[]|\OT1/cmr/m/n/10 Sin apor-tes mi-cro-bia-nos: -
 []


Underfull \hbox (badness 10000) in paragraph at lines 965--965
\OT1/cmr/m/n/10 aso-cia-cio-nes sim-bi^^Soti-cas
 []


Overfull \hbox (36.83487pt too wide) in paragraph at lines 950--975
 [][] 
 []


Overfull \hbox (2.14087pt too wide) in paragraph at lines 977--977
[]\OT1/cmr/bx/n/14.4 Regeneraci^^Son Eco-sist^^Semi-ca con Mi-cro-or-ga-nis-mos
 de .[] Mon-
 []


Underfull \hbox (badness 10000) in paragraph at lines 999--999
[]|\OT1/cmr/m/n/10 Hifas + exopo-li-sac^^Sari-dos:
 []


Underfull \hbox (badness 10000) in paragraph at lines 1001--1001
[]|\OT1/cmr/m/n/10 Mejora micro-
 []


Underfull \hbox (badness 10000) in paragraph at lines 1001--1001
\OT1/cmr/m/n/10 macroporosidad: +50$ $%
 []


Underfull \hbox (badness 10000) in paragraph at lines 1003--1003
[]|\OT1/cmr/m/n/10 Restauraci^^Son: pro-to-zoa-
 []


Underfull \hbox (badness 7308) in paragraph at lines 1003--1003
\OT1/cmr/m/n/10 rios, ne-ma-to-dos ben^^Sefi-cos,
 []


Overfull \hbox (25.88358pt too wide) in paragraph at lines 984--1009
 [][] 
 []

[20]
Underfull \hbox (badness 10000) in paragraph at lines 1019--1019
[]|\OT1/cmr/bx/n/8 Impacto Am-
 []


Underfull \hbox (badness 10000) in paragraph at lines 1021--1021
[]|\OT1/cmr/m/n/8 Fertilizaci^^Son
 []


Underfull \hbox (badness 2096) in paragraph at lines 1023--1023
[]|\OT1/cmr/m/n/8 Biof^^Sabri-cas "mon-
 []


Underfull \hbox (badness 6236) in paragraph at lines 1023--1024
[]|[]\OT1/cmr/m/n/8 GANANCIA NE-
 []


Underfull \hbox (badness 10000) in paragraph at lines 1026--1026
[]|\OT1/cmr/bx/n/8 Ventaja real
 []


Underfull \hbox (badness 10000) in paragraph at lines 1026--1026
[]|\OT1/cmr/bx/n/8 +238$ $% be-ne-fi-
 []


Overfull \hbox (4.64224pt too wide) in paragraph at lines 1026--1026
[]|\TS1/cmr/bx/n/8 $\OT1/cmr/bx/n/8 42,197/ha/a~no| 
 []


Overfull \hbox (6.3825pt too wide) in paragraph at lines 1026--1027
[]|\OT1/cmr/bx/n/8 SUPERIORIDAD
 []

[21]
Overfull \hbox (8.39111pt too wide) in paragraph at lines 1056--1056
[]\OT1/cmr/bx/n/14.4 CORRECCI[]ON CR[]ITI-CA - Im-pac-to en Via-bi-li-dad Econ^
^Somi-
 []


Underfull \hbox (badness 10000) in paragraph at lines 1066--1066
[]|\OT1/cmr/bx/n/8 Diferencia vs
 []


Underfull \hbox (badness 10000) in paragraph at lines 1068--1068
[]|\OT1/cmr/m/n/8 Fertilizaci^^Son qu^^S^^Pmi-ca
 []


Underfull \hbox (badness 10000) in paragraph at lines 1070--1071
[]|[]\OT1/cmr/bx/n/8 Requiere jus-ti-fi-ca-ci^^Son
 []


Overfull \hbox (61.11086pt too wide) in paragraph at lines 1083--1083
[]\OT1/cmr/bx/n/17.28 VALIDACI[]ON CIENT[]IFI-CA DE-FI-NI-TI-VA: BIOF[]ABRI-
 []


Underfull \hbox (badness 6078) in paragraph at lines 1095--1095
[]|\OT1/cmr/bx/n/8 Criterio Eva-
 []


Overfull \hbox (1.17705pt too wide) in paragraph at lines 1095--1095
[]|\OT1/cmr/bx/n/8 Fertilizaci^^Son
 []


Underfull \hbox (badness 10000) in paragraph at lines 1097--1097
[]|\OT1/cmr/bx/n/8 Costo ini-
 []


Underfull \hbox (badness 10000) in paragraph at lines 1103--1103
[]|\OT1/cmr/m/n/8 Natural
 []


Underfull \hbox (badness 10000) in paragraph at lines 1103--1103
[]|\OT1/cmr/m/n/8 Sint^^Seti-co
 []


Underfull \hbox (badness 10000) in paragraph at lines 1105--1105
[]|\OT1/cmr/bx/n/8 Impacto mi-
 []


Underfull \hbox (badness 10000) in paragraph at lines 1109--1109
[]|\OT1/cmr/bx/n/8 Materia
 []


Underfull \hbox (badness 10000) in paragraph at lines 1111--1111
[]|\OT1/cmr/m/n/8 Estable 6.5-
 []


Underfull \hbox (badness 10000) in paragraph at lines 1113--1113
[]|\OT1/cmr/bx/n/8 Autonom^^S^^Pa
 []


Underfull \hbox (badness 10000) in paragraph at lines 1115--1115
[]|\OT1/cmr/m/n/8 -2.8 ton
 []


Underfull \hbox (badness 10000) in paragraph at lines 1115--1115
[]|\OT1/cmr/m/n/8 +1.8 ton
 []


Underfull \hbox (badness 10000) in paragraph at lines 1117--1117
[]|\OT1/cmr/bx/n/8 Certificaci^^Son
 []


Underfull \hbox (badness 10000) in paragraph at lines 1119--1119
[]|\OT1/cmr/bx/n/8 Transferencia
 []


Underfull \hbox (badness 10000) in paragraph at lines 1122--1122
[]|\OT1/cmr/bx/n/8 VENTAJAS
 []


Underfull \hbox (badness 10000) in paragraph at lines 1122--1122
[]|\OT1/cmr/bx/n/8 10/12
 []


Overfull \hbox (10.05457pt too wide) in paragraph at lines 1122--1122
[]|\OT1/cmr/bx/n/8 BIOF[]ABRI-
 []

[22] [23]
Underfull \hbox (badness 10000) in paragraph at lines 1173--1173
[]|\OT1/cmr/bx/n/10 Fuente de
 []


Underfull \hbox (badness 5036) in paragraph at lines 1173--1173
[]|\OT1/cmr/m/n/10 Fijaci^^Son biol^^Sogi-ca at-mosf^^Seri-ca
 []


Underfull \hbox (badness 8151) in paragraph at lines 1177--1177
[]|\OT1/cmr/m/n/10 Consorcios ben^^Sefi-cos: 10$[]$-10$[]$
 []


Underfull \hbox (badness 2368) in paragraph at lines 1177--1178
[]|\OT1/cmr/m/n/10 Compuestos bio-ci-das: eli-mi-na-
 []


Underfull \hbox (badness 10000) in paragraph at lines 1179--1179
[]|\OT1/cmr/bx/n/10 Certificaci^^Son
 []


Underfull \hbox (badness 10000) in paragraph at lines 1179--1179
[]|\OT1/cmr/m/n/10 Listado OM-RI, cer-ti-fi-ca-ble
 []


Underfull \hbox (badness 10000) in paragraph at lines 1181--1181
[]|\OT1/cmr/bx/n/10 Residualidad
 []


Underfull \hbox (badness 10000) in paragraph at lines 1181--1181
[]|\OT1/cmr/m/n/10 Biodegradaci^^Son com-ple-ta <90
 []


Underfull \hbox (badness 1472) in paragraph at lines 1183--1183
[]|\OT1/cmr/bx/n/10 Huella energ^^Seti-
 []


Underfull \hbox (badness 10000) in paragraph at lines 1185--1185
[]|\OT1/cmr/bx/n/10 Compatibilidad
 []


Overfull \hbox (7.89122pt too wide) in paragraph at lines 1188--1188
[]|\OT1/cmr/bx/n/10 CLASIFICACI[]ON| 
 []


Underfull \hbox (badness 10000) in paragraph at lines 1188--1189
[]|\OT1/cmr/bx/n/10 QU[]IMI-CA IN-DUS-TRIAL
 []

[24]
Overfull \hbox (7.17293pt too wide) in paragraph at lines 1211--1211
[]\OT1/cmr/bx/n/17.28 CONCLUSI[]ON DE-FI-NI-TI-VA: MI-CRO-OR-GA-NIS-
 []

[25]
Overfull \hbox (8.32848pt too wide) in paragraph at lines 1243--1243
[]\OT1/cmr/bx/n/17.28 PAQUETE TEC-NOL[]OGI-CO CO-RRE-GI-DO - RE-
 []

[26] [27]
Overfull \hbox (10.5654pt too wide) in paragraph at lines 1316--1317
[]\OT1/cmr/bx/n/12 Componentes fal-tan-tes cr^^S^^Pti-cos: \OT1/cmr/m/n/12 Ener
-gi-za-dor el^^Sectri-co, sis-te-ma de bom-beo, poster^^S^^Pa
 []

[28] [29] [30] [31]
Overfull \hbox (0.45633pt too wide) in paragraph at lines 1461--1461
[]\OT1/cmr/bx/n/14.4 Desglose De-ta-lla-do de Com-po-nen-tes del Pa-que-te Tec-
nol^^Sogi-
 []


Overfull \hbox (4.20886pt too wide) in paragraph at lines 1505--1519
 [][] 
 []

[32] 
enddocument/afterlastpage (AED): lastpage setting LastPage.
(MEMORIA_CALCULO_PAQUETE_TECNOLOGICO_SSPi.aux
LaTeX Info: Redefining \. on input line 5.
LaTeX Info: Redefining \% on input line 5.
)
 ***********
LaTeX2e <2025-11-01>
L3 programming layer <2025-11-06>
 ***********
 ) 
Here is how much of TeX's memory you used:
 6347 strings out of 467871
 103447 string characters out of 5418375
 561606 words of memory out of 5000000
 35122 multiletter control sequences out of 15000+600000
 639230 words of font info for 78 fonts, out of 8000000 for 9000
 1141 hyphenation exceptions out of 8191
 57i,15n,65p,556b,652s stack positions out of 10000i,1000n,20000p,200000b,200000s
 <C:\Users\smuno\AppData\Local\MiKTeX\fonts/pk/ljfour/jknappen/ec/dpi600\tcbx
0800.pk> <C:\Users\smuno\AppData\Local\MiKTeX\fonts/pk/ljfour/jknappen/ec/dpi60
0\tcrm0800.pk> <C:\Users\smuno\AppData\Local\MiKTeX\fonts/pk/ljfour/jknappen/ec
/dpi600\tcbx1000.pk> <C:\Users\smuno\AppData\Local\MiKTeX\fonts/pk/ljfour/jknap
pen/ec/dpi600\tcrm1000.pk> <C:\Users\smuno\AppData\Local\MiKTeX\fonts/pk/ljfour
/jknappen/ec/dpi600\tcbx1200.pk> <C:\Users\smuno\AppData\Local\MiKTeX\fonts/pk/
ljfour/jknappen/ec/dpi600\tcrm1200.pk><C:/Users/smuno/AppData/Local/Programs/Mi
KTeX/fonts/type1/public/amsfonts/cm/cmbx10.pfb><C:/Users/smuno/AppData/Local/Pr
ograms/MiKTeX/fonts/type1/public/amsfonts/cm/cmbx12.pfb><C:/Users/smuno/AppData
/Local/Programs/MiKTeX/fonts/type1/public/amsfonts/cm/cmbx6.pfb><C:/Users/smuno
/AppData/Local/Programs/MiKTeX/fonts/type1/public/amsfonts/cm/cmbx7.pfb><C:/Use
rs/smuno/AppData/Local/Programs/MiKTeX/fonts/type1/public/amsfonts/cm/cmbx8.pfb
><C:/Users/smuno/AppData/Local/Programs/MiKTeX/fonts/type1/public/amsfonts/cm/c
mmi12.pfb><C:/Users/smuno/AppData/Local/Programs/MiKTeX/fonts/type1/public/amsf
onts/cm/cmr10.pfb><C:/Users/smuno/AppData/Local/Programs/MiKTeX/fonts/type1/pub
lic/amsfonts/cm/cmr12.pfb><C:/Users/smuno/AppData/Local/Programs/MiKTeX/fonts/t
ype1/public/amsfonts/cm/cmr17.pfb><C:/Users/smuno/AppData/Local/Programs/MiKTeX
/fonts/type1/public/amsfonts/cm/cmr6.pfb><C:/Users/smuno/AppData/Local/Programs
/MiKTeX/fonts/type1/public/amsfonts/cm/cmr7.pfb><C:/Users/smuno/AppData/Local/P
rograms/MiKTeX/fonts/type1/public/amsfonts/cm/cmr8.pfb><C:/Users/smuno/AppData/
Local/Programs/MiKTeX/fonts/type1/public/amsfonts/cm/cmsy10.pfb><C:/Users/smuno
/AppData/Local/Programs/MiKTeX/fonts/type1/public/amsfonts/cm/cmti10.pfb><C:/Us
ers/smuno/AppData/Local/Programs/MiKTeX/fonts/type1/public/amsfonts/cm/cmti12.p
fb>
Output written on MEMORIA_CALCULO_PAQUETE_TECNOLOGICO_SSPi.pdf (33 pages, 39786
8 bytes).
PDF statistics:
 223 PDF objects out of 1000 (max. 8388607)
 0 named destinations out of 1000 (max. 500000)
 6 words of extra memory for PDF output out of 10000 (max. 10000000)

